Determining if the pthread_create exist failed with the following output:
Change Dir: /home/wang/Desktop/pcl_test/recognition/build/CMakeFiles/CMakeTmp

Run Build Command:"/usr/bin/make" "cmTC_daa5a/fast"
/usr/bin/make -f CMakeFiles/cmTC_daa5a.dir/build.make CMakeFiles/cmTC_daa5a.dir/build
make[1]: Entering directory '/home/wang/Desktop/pcl_test/recognition/build/CMakeFiles/CMakeTmp'
Building C object CMakeFiles/cmTC_daa5a.dir/CheckSymbolExists.c.o
/usr/bin/cc     -o CMakeFiles/cmTC_daa5a.dir/CheckSymbolExists.c.o   -c /home/wang/Desktop/pcl_test/recognition/build/CMakeFiles/CMakeTmp/CheckSymbolExists.c
Linking C executable cmTC_daa5a
/usr/bin/cmake -E cmake_link_script CMakeFiles/cmTC_daa5a.dir/link.txt --verbose=1
/usr/bin/cc       CMakeFiles/cmTC_daa5a.dir/CheckSymbolExists.c.o  -o cmTC_daa5a -rdynamic 
CMakeFiles/cmTC_daa5a.dir/CheckSymbolExists.c.o: In function `main':
CheckSymbolExists.c:(.text+0x16): undefined reference to `pthread_create'
collect2: error: ld returned 1 exit status
CMakeFiles/cmTC_daa5a.dir/build.make:97: recipe for target 'cmTC_daa5a' failed
make[1]: *** [cmTC_daa5a] Error 1
make[1]: Leaving directory '/home/wang/Desktop/pcl_test/recognition/build/CMakeFiles/CMakeTmp'
Makefile:126: recipe for target 'cmTC_daa5a/fast' failed
make: *** [cmTC_daa5a/fast] Error 2

File /home/wang/Desktop/pcl_test/recognition/build/CMakeFiles/CMakeTmp/CheckSymbolExists.c:
/* */
#include <pthread.h>

int main(int argc, char** argv)
{
  (void)argv;
#ifndef pthread_create
  return ((int*)(&pthread_create))[argc];
#else
  (void)argc;
  return 0;
#endif
}

Determining if the function pthread_create exists in the pthreads failed with the following output:
Change Dir: /home/wang/Desktop/pcl_test/recognition/build/CMakeFiles/CMakeTmp

Run Build Command:"/usr/bin/make" "cmTC_d5f6f/fast"
/usr/bin/make -f CMakeFiles/cmTC_d5f6f.dir/build.make CMakeFiles/cmTC_d5f6f.dir/build
make[1]: Entering directory '/home/wang/Desktop/pcl_test/recognition/build/CMakeFiles/CMakeTmp'
Building C object CMakeFiles/cmTC_d5f6f.dir/CheckFunctionExists.c.o
/usr/bin/cc    -DCHECK_FUNCTION_EXISTS=pthread_create   -o CMakeFiles/cmTC_d5f6f.dir/CheckFunctionExists.c.o   -c /usr/share/cmake-3.5/Modules/CheckFunctionExists.c
Linking C executable cmTC_d5f6f
/usr/bin/cmake -E cmake_link_script CMakeFiles/cmTC_d5f6f.dir/link.txt --verbose=1
/usr/bin/cc   -DCHECK_FUNCTION_EXISTS=pthread_create    CMakeFiles/cmTC_d5f6f.dir/CheckFunctionExists.c.o  -o cmTC_d5f6f -rdynamic -lpthreads 
/usr/bin/ld: cannot find -lpthreads
collect2: error: ld returned 1 exit status
CMakeFiles/cmTC_d5f6f.dir/build.make:97: recipe for target 'cmTC_d5f6f' failed
make[1]: *** [cmTC_d5f6f] Error 1
make[1]: Leaving directory '/home/wang/Desktop/pcl_test/recognition/build/CMakeFiles/CMakeTmp'
Makefile:126: recipe for target 'cmTC_d5f6f/fast' failed
make: *** [cmTC_d5f6f/fast] Error 2


